C:\USERS\CACHUKWULOBE\DOCUMENTS\VISUAL STUDIO 2010\PROJECTS\CAC'S_VIRUS\CAC'S_VIRUS\DEBUG\CAC'S_VIRUS.EXE.EMBED.MANIFEST
C:\USERS\CACHUKWULOBE\DOCUMENTS\VISUAL STUDIO 2010\PROJECTS\CAC'S_VIRUS\CAC'S_VIRUS\DEBUG\CAC'S_VIRUS.EXE.EMBED.MANIFEST.RES
C:\USERS\CACHUKWULOBE\DOCUMENTS\VISUAL STUDIO 2010\PROJECTS\CAC'S_VIRUS\CAC'S_VIRUS\DEBUG\CAC'S_VIRUS.EXE.INTERMEDIATE.MANIFEST
c:\Users\cachukwulobe\documents\visual studio 2010\Projects\CAC's_Virus\CAC's_Virus\Debug\CAC's_Virus.vcxprojResolveAssemblyReference.cache
c:\Users\cachukwulobe\documents\visual studio 2010\Projects\CAC's_Virus\CAC's_Virus\Debug\CAC's_Virus.write.1.tlog
c:\Users\cachukwulobe\documents\visual studio 2010\Projects\CAC's_Virus\CAC's_Virus\Debug\CAC's_Virus_manifest.rc
c:\Users\cachukwulobe\documents\visual studio 2010\Projects\CAC's_Virus\CAC's_Virus\Debug\cl.command.1.tlog
c:\Users\cachukwulobe\documents\visual studio 2010\Projects\CAC's_Virus\CAC's_Virus\Debug\CL.read.1.tlog
c:\Users\cachukwulobe\documents\visual studio 2010\Projects\CAC's_Virus\CAC's_Virus\Debug\CL.write.1.tlog
c:\Users\cachukwulobe\documents\visual studio 2010\Projects\CAC's_Virus\CAC's_Virus\Debug\link.14900.read.1.tlog
c:\Users\cachukwulobe\documents\visual studio 2010\Projects\CAC's_Virus\CAC's_Virus\Debug\link.14900.write.1.tlog
c:\Users\cachukwulobe\documents\visual studio 2010\Projects\CAC's_Virus\CAC's_Virus\Debug\link.14900-cvtres.read.1.tlog
c:\Users\cachukwulobe\documents\visual studio 2010\Projects\CAC's_Virus\CAC's_Virus\Debug\link.14900-cvtres.write.1.tlog
c:\Users\cachukwulobe\documents\visual studio 2010\Projects\CAC's_Virus\CAC's_Virus\Debug\link.command.1.tlog
c:\Users\cachukwulobe\documents\visual studio 2010\Projects\CAC's_Virus\CAC's_Virus\Debug\link.read.1.tlog
c:\Users\cachukwulobe\documents\visual studio 2010\Projects\CAC's_Virus\CAC's_Virus\Debug\link.write.1.tlog
c:\Users\cachukwulobe\documents\visual studio 2010\Projects\CAC's_Virus\CAC's_Virus\Debug\link-cvtres.read.1.tlog
c:\Users\cachukwulobe\documents\visual studio 2010\Projects\CAC's_Virus\CAC's_Virus\Debug\link-cvtres.write.1.tlog
c:\Users\cachukwulobe\documents\visual studio 2010\Projects\CAC's_Virus\CAC's_Virus\Debug\mt.command.1.tlog
c:\Users\cachukwulobe\documents\visual studio 2010\Projects\CAC's_Virus\CAC's_Virus\Debug\mt.read.1.tlog
c:\Users\cachukwulobe\documents\visual studio 2010\Projects\CAC's_Virus\CAC's_Virus\Debug\mt.write.1.tlog
c:\Users\cachukwulobe\documents\visual studio 2010\Projects\CAC's_Virus\CAC's_Virus\Debug\rc.command.1.tlog
c:\Users\cachukwulobe\documents\visual studio 2010\Projects\CAC's_Virus\CAC's_Virus\Debug\rc.read.1.tlog
c:\Users\cachukwulobe\documents\visual studio 2010\Projects\CAC's_Virus\CAC's_Virus\Debug\rc.write.1.tlog
c:\Users\cachukwulobe\documents\visual studio 2010\Projects\CAC's_Virus\CAC's_Virus\Debug\vc100.idb
C:\USERS\CACHUKWULOBE\DOCUMENTS\VISUAL STUDIO 2010\PROJECTS\CAC'S_VIRUS\CAC'S_VIRUS\DEBUG\VC100.PDB
C:\USERS\CACHUKWULOBE\DOCUMENTS\VISUAL STUDIO 2010\PROJECTS\CAC'S_VIRUS\CAC'S_VIRUS\DEBUG\VIRUS.OBJ
C:\USERS\CACHUKWULOBE\DOCUMENTS\VISUAL STUDIO 2010\PROJECTS\CAC'S_VIRUS\DEBUG\CAC'S_VIRUS.EXE
C:\USERS\CACHUKWULOBE\DOCUMENTS\VISUAL STUDIO 2010\PROJECTS\CAC'S_VIRUS\DEBUG\CAC'S_VIRUS.ILK
C:\USERS\CACHUKWULOBE\DOCUMENTS\VISUAL STUDIO 2010\PROJECTS\CAC'S_VIRUS\DEBUG\CAC'S_VIRUS.PDB
