Build started 8/14/2019 8:00:17 AM.
     1>Project "c:\Users\cachukwulobe\documents\visual studio 2010\Projects\CAC's_Virus\CAC's_Virus\CAC's_Virus.vcxproj" on node 2 (rebuild target(s)).
     1>_PrepareForClean:
         Deleting file "Debug\CAC's_Virus.lastbuildstate".
       InitializeBuildStatus:
         Creating "Debug\CAC's_Virus.unsuccessfulbuild" because "AlwaysCreate" was specified.
       ClCompile:
         c:\Program Files (x86)\Microsoft Visual Studio 10.0\VC\bin\CL.exe /c /ZI /nologo /W3 /WX- /Od /Oy- /D WIN32 /D _DEBUG /D _CONSOLE /D _UNICODE /D UNICODE /Gm /EHsc /RTC1 /MDd /GS /fp:precise /Zc:wchar_t /Zc:forScope /Fo"Debug\\" /Fd"Debug\vc100.pdb" /Gd /TP /analyze- /errorReport:prompt "..\..\CAC's_Virus\CAC's_Virus\Virus.cpp"
         Virus.cpp
       ManifestResourceCompile:
         c:\Program Files (x86)\Microsoft SDKs\Windows\v7.0A\bin\rc.exe /nologo /fo"Debug\CAC's_Virus.exe.embed.manifest.res" "Debug\CAC's_Virus_manifest.rc" 
       Link:
         c:\Program Files (x86)\Microsoft Visual Studio 10.0\VC\bin\link.exe /ERRORREPORT:PROMPT /OUT:"c:\users\cachukwulobe\documents\visual studio 2010\Projects\CAC's_Virus\Debug\CAC's_Virus.exe" /INCREMENTAL /NOLOGO kernel32.lib user32.lib gdi32.lib winspool.lib comdlg32.lib advapi32.lib shell32.lib ole32.lib oleaut32.lib uuid.lib odbc32.lib odbccp32.lib /MANIFEST /ManifestFile:"Debug\CAC's_Virus.exe.intermediate.manifest" /MANIFESTUAC:"level='asInvoker' uiAccess='false'" /DEBUG /PDB:"c:\users\cachukwulobe\documents\visual studio 2010\Projects\CAC's_Virus\Debug\CAC's_Virus.pdb" /SUBSYSTEM:CONSOLE /TLBID:1 /DYNAMICBASE /NXCOMPAT /IMPLIB:"c:\users\cachukwulobe\documents\visual studio 2010\Projects\CAC's_Virus\Debug\CAC's_Virus.lib" /MACHINE:X86 "Debug\CAC's_Virus.exe.embed.manifest.res"
         Debug\Virus.obj
       Manifest:
         Deleting file "Debug\CAC's_Virus.exe.embed.manifest".
         c:\Program Files (x86)\Microsoft SDKs\Windows\v7.0A\bin\mt.exe /nologo /verbose /out:"Debug\CAC's_Virus.exe.embed.manifest" /manifest "Debug\CAC's_Virus.exe.intermediate.manifest"
         c:\Program Files (x86)\Microsoft SDKs\Windows\v7.0A\bin\rc.exe /nologo /fo"Debug\CAC's_Virus.exe.embed.manifest.res" "Debug\CAC's_Virus_manifest.rc" 
       LinkEmbedManifest:
         c:\Program Files (x86)\Microsoft Visual Studio 10.0\VC\bin\link.exe /ERRORREPORT:PROMPT /OUT:"c:\users\cachukwulobe\documents\visual studio 2010\Projects\CAC's_Virus\Debug\CAC's_Virus.exe" /INCREMENTAL /NOLOGO kernel32.lib user32.lib gdi32.lib winspool.lib comdlg32.lib advapi32.lib shell32.lib ole32.lib oleaut32.lib uuid.lib odbc32.lib odbccp32.lib /MANIFEST /ManifestFile:"Debug\CAC's_Virus.exe.intermediate.manifest" /MANIFESTUAC:"level='asInvoker' uiAccess='false'" /DEBUG /PDB:"c:\users\cachukwulobe\documents\visual studio 2010\Projects\CAC's_Virus\Debug\CAC's_Virus.pdb" /SUBSYSTEM:CONSOLE /TLBID:1 /DYNAMICBASE /NXCOMPAT /IMPLIB:"c:\users\cachukwulobe\documents\visual studio 2010\Projects\CAC's_Virus\Debug\CAC's_Virus.lib" /MACHINE:X86 "Debug\CAC's_Virus.exe.embed.manifest.res"
         Debug\Virus.obj
         CAC's_Virus.vcxproj -> c:\users\cachukwulobe\documents\visual studio 2010\Projects\CAC's_Virus\Debug\CAC's_Virus.exe
       FinalizeBuildStatus:
         Deleting file "Debug\CAC's_Virus.unsuccessfulbuild".
         Touching "Debug\CAC's_Virus.lastbuildstate".
     1>Done Building Project "c:\Users\cachukwulobe\documents\visual studio 2010\Projects\CAC's_Virus\CAC's_Virus\CAC's_Virus.vcxproj" (rebuild target(s)).

Build succeeded.

Time Elapsed 00:00:02.46
